<?xml version="1.0" encoding="UTF-8"?>
<!-- Generated by org.testng.reporters.JUnitXMLReporter -->
<testsuite ignored="0" hostname="DESKTOP-OGNOMB7" failures="0" tests="6" name="Default test" time="178.81" errors="0" timestamp="2024-09-01T20:57:43 IST">
  <testcase classname="com.jala.qa.testpage.CreateEmployeeTestPage" name="validateEmployeeDetails" time="4.571"/>
  <testcase classname="com.jala.qa.testpage.CreateEmployeeTestPage" name="validateEmployeeDetails" time="5.019"/>
  <testcase classname="com.jala.qa.testpage.CreateEmployeeTestPage" name="validateEmployeeDetails" time="4.711"/>
  <testcase classname="com.jala.qa.testpage.CreateEmployeeTestPage" name="validateEmployeeDetails" time="4.659"/>
  <testcase classname="com.jala.qa.testpage.CreateEmployeeTestPage" name="validateEmployeeDetails" time="4.673"/>
  <testcase classname="com.jala.qa.testpage.CreateEmployeeTestPage" name="validateEmployeeDetails" time="4.601"/>
</testsuite> <!-- Default test -->
