<?xml version="1.0" encoding="UTF-8"?>
<!-- Generated by org.testng.reporters.JUnitXMLReporter -->
<testsuite ignored="0" hostname="DESKTOP-OGNOMB7" failures="1" tests="1" name="Test" time="46.2" errors="0" timestamp="2024-09-01T18:20:20 IST">
  <testcase classname="com.jala.qa.testpage.LoginTestPage" name="validateLoginCredential" time="3.242">
    <failure type="java.lang.AssertionError" message="expected [Magnus] but found [Login]">
      <![CDATA[java.lang.AssertionError: expected [Magnus] but found [Login]
at com.jala.qa.testpage.LoginTestPage.validateLoginCredential(LoginTestPage.java:44)
at java.base/java.util.ArrayList.forEach(ArrayList.java:1511)
... Removed 33 stack frames]]>
    </failure>
  </testcase> <!-- validateLoginCredential -->
</testsuite> <!-- Test -->
