<?xml version="1.0" encoding="UTF-8"?>
<testng-results ignored="0" total="1" passed="1" failed="0" skipped="0">
  <reporter-output>
    <line>
      <![CDATA[we can able to enter into firstName field]]>
    </line>
  </reporter-output>
  <suite started-at="2024-09-01T22:09:57 IST" name="Default suite" finished-at="2024-09-01T22:10:26 IST" duration-ms="29190">
    <groups>
    </groups>
    <test started-at="2024-09-01T22:09:57 IST" name="Default test" finished-at="2024-09-01T22:10:26 IST" duration-ms="29190">
      <class name="com.jala.qa.testpage.CreateEmployeeTestPage">
        <test-method is-config="true" signature="setup()[pri:0, instance:com.jala.qa.testpage.CreateEmployeeTestPage@4d02f94e]" started-at="2024-09-01T22:09:59 IST" name="setup" finished-at="2024-09-01T22:10:16 IST" duration-ms="16957" status="PASS">
          <reporter-output>
          </reporter-output>
        </test-method> <!-- setup -->
        <test-method signature="validateEmployeeDetails(java.lang.String,java.lang.String)[pri:0, instance:com.jala.qa.testpage.CreateEmployeeTestPage@4d02f94e]" started-at="2024-09-01T22:10:16 IST" name="validateEmployeeDetails" data-provider="testData" finished-at="2024-09-01T22:10:21 IST" duration-ms="5514" status="PASS">
          <params>
            <param index="0">
              <value>
                <![CDATA[Username]]>
              </value>
            </param>
            <param index="1">
              <value>
                <![CDATA[Pass]]>
              </value>
            </param>
          </params>
          <reporter-output>
            <line>
              <![CDATA[we can able to enter into firstName field]]>
            </line>
          </reporter-output>
        </test-method> <!-- validateEmployeeDetails -->
        <test-method is-config="true" signature="tearDown()[pri:0, instance:com.jala.qa.testpage.CreateEmployeeTestPage@4d02f94e]" started-at="2024-09-01T22:10:21 IST" name="tearDown" finished-at="2024-09-01T22:10:26 IST" duration-ms="4564" status="PASS">
          <reporter-output>
          </reporter-output>
        </test-method> <!-- tearDown -->
      </class> <!-- com.jala.qa.testpage.CreateEmployeeTestPage -->
    </test> <!-- Default test -->
  </suite> <!-- Default suite -->
</testng-results>
