<?xml version="1.0" encoding="UTF-8"?>
<testng-results ignored="0" total="6" passed="6" failed="0" skipped="0">
  <reporter-output>
    <line>
      <![CDATA[we can able to enter into firstName field]]>
    </line>
    <line>
      <![CDATA[we can able to enter into firstName field]]>
    </line>
    <line>
      <![CDATA[we can able to enter into firstName field]]>
    </line>
    <line>
      <![CDATA[we can able to enter into firstName field]]>
    </line>
    <line>
      <![CDATA[we can able to enter into firstName field]]>
    </line>
    <line>
      <![CDATA[we can able to enter into firstName field]]>
    </line>
  </reporter-output>
  <suite started-at="2024-09-01T20:54:44 IST" name="Default suite" finished-at="2024-09-01T20:57:43 IST" duration-ms="178810">
    <groups>
    </groups>
    <test started-at="2024-09-01T20:54:44 IST" name="Default test" finished-at="2024-09-01T20:57:43 IST" duration-ms="178810">
      <class name="com.jala.qa.testpage.CreateEmployeeTestPage">
        <test-method is-config="true" signature="setup()[pri:0, instance:com.jala.qa.testpage.CreateEmployeeTestPage@a530d0a]" started-at="2024-09-01T20:54:46 IST" name="setup" finished-at="2024-09-01T20:55:07 IST" duration-ms="20865" status="PASS">
          <reporter-output>
          </reporter-output>
        </test-method> <!-- setup -->
        <test-method signature="validateEmployeeDetails(java.lang.String,java.lang.String)[pri:0, instance:com.jala.qa.testpage.CreateEmployeeTestPage@a530d0a]" started-at="2024-09-01T20:55:07 IST" name="validateEmployeeDetails" data-provider="testData" finished-at="2024-09-01T20:55:11 IST" duration-ms="4571" status="PASS">
          <params>
            <param index="0">
              <value>
                <![CDATA[Hello]]>
              </value>
            </param>
            <param index="1">
              <value>
                <![CDATA[123.0]]>
              </value>
            </param>
          </params>
          <reporter-output>
            <line>
              <![CDATA[we can able to enter into firstName field]]>
            </line>
          </reporter-output>
        </test-method> <!-- validateEmployeeDetails -->
        <test-method is-config="true" signature="tearDown()[pri:0, instance:com.jala.qa.testpage.CreateEmployeeTestPage@a530d0a]" started-at="2024-09-01T20:55:11 IST" name="tearDown" finished-at="2024-09-01T20:55:16 IST" duration-ms="4496" status="PASS">
          <reporter-output>
          </reporter-output>
        </test-method> <!-- tearDown -->
        <test-method is-config="true" signature="setup()[pri:0, instance:com.jala.qa.testpage.CreateEmployeeTestPage@a530d0a]" started-at="2024-09-01T20:55:16 IST" name="setup" finished-at="2024-09-01T20:55:34 IST" duration-ms="18682" status="PASS">
          <reporter-output>
          </reporter-output>
        </test-method> <!-- setup -->
        <test-method signature="validateEmployeeDetails(java.lang.String,java.lang.String)[pri:0, instance:com.jala.qa.testpage.CreateEmployeeTestPage@a530d0a]" started-at="2024-09-01T20:55:34 IST" name="validateEmployeeDetails" data-provider="testData" finished-at="2024-09-01T20:55:39 IST" duration-ms="5019" status="PASS">
          <params>
            <param index="0">
              <value>
                <![CDATA[Admin]]>
              </value>
            </param>
            <param index="1">
              <value>
                <![CDATA[admin123]]>
              </value>
            </param>
          </params>
          <reporter-output>
            <line>
              <![CDATA[we can able to enter into firstName field]]>
            </line>
          </reporter-output>
        </test-method> <!-- validateEmployeeDetails -->
        <test-method is-config="true" signature="tearDown()[pri:0, instance:com.jala.qa.testpage.CreateEmployeeTestPage@a530d0a]" started-at="2024-09-01T20:55:39 IST" name="tearDown" finished-at="2024-09-01T20:55:44 IST" duration-ms="4505" status="PASS">
          <reporter-output>
          </reporter-output>
        </test-method> <!-- tearDown -->
        <test-method is-config="true" signature="setup()[pri:0, instance:com.jala.qa.testpage.CreateEmployeeTestPage@a530d0a]" started-at="2024-09-01T20:55:44 IST" name="setup" finished-at="2024-09-01T20:56:04 IST" duration-ms="19749" status="PASS">
          <reporter-output>
          </reporter-output>
        </test-method> <!-- setup -->
        <test-method signature="validateEmployeeDetails(java.lang.String,java.lang.String)[pri:0, instance:com.jala.qa.testpage.CreateEmployeeTestPage@a530d0a]" started-at="2024-09-01T20:56:04 IST" name="validateEmployeeDetails" data-provider="testData" finished-at="2024-09-01T20:56:08 IST" duration-ms="4711" status="PASS">
          <params>
            <param index="0">
              <value>
                <![CDATA[Admin]]>
              </value>
            </param>
            <param index="1">
              <value>
                <![CDATA[admin123]]>
              </value>
            </param>
          </params>
          <reporter-output>
            <line>
              <![CDATA[we can able to enter into firstName field]]>
            </line>
          </reporter-output>
        </test-method> <!-- validateEmployeeDetails -->
        <test-method is-config="true" signature="tearDown()[pri:0, instance:com.jala.qa.testpage.CreateEmployeeTestPage@a530d0a]" started-at="2024-09-01T20:56:08 IST" name="tearDown" finished-at="2024-09-01T20:56:13 IST" duration-ms="4505" status="PASS">
          <reporter-output>
          </reporter-output>
        </test-method> <!-- tearDown -->
        <test-method is-config="true" signature="setup()[pri:0, instance:com.jala.qa.testpage.CreateEmployeeTestPage@a530d0a]" started-at="2024-09-01T20:56:13 IST" name="setup" finished-at="2024-09-01T20:56:33 IST" duration-ms="20357" status="PASS">
          <reporter-output>
          </reporter-output>
        </test-method> <!-- setup -->
        <test-method signature="validateEmployeeDetails(java.lang.String,java.lang.String)[pri:0, instance:com.jala.qa.testpage.CreateEmployeeTestPage@a530d0a]" started-at="2024-09-01T20:56:33 IST" name="validateEmployeeDetails" data-provider="testData" finished-at="2024-09-01T20:56:38 IST" duration-ms="4659" status="PASS">
          <params>
            <param index="0">
              <value>
                <![CDATA[zvv]]>
              </value>
            </param>
            <param index="1">
              <value>
                <![CDATA[sddd]]>
              </value>
            </param>
          </params>
          <reporter-output>
            <line>
              <![CDATA[we can able to enter into firstName field]]>
            </line>
          </reporter-output>
        </test-method> <!-- validateEmployeeDetails -->
        <test-method is-config="true" signature="tearDown()[pri:0, instance:com.jala.qa.testpage.CreateEmployeeTestPage@a530d0a]" started-at="2024-09-01T20:56:38 IST" name="tearDown" finished-at="2024-09-01T20:56:42 IST" duration-ms="4545" status="PASS">
          <reporter-output>
          </reporter-output>
        </test-method> <!-- tearDown -->
        <test-method is-config="true" signature="setup()[pri:0, instance:com.jala.qa.testpage.CreateEmployeeTestPage@a530d0a]" started-at="2024-09-01T20:56:42 IST" name="setup" finished-at="2024-09-01T20:57:02 IST" duration-ms="19385" status="PASS">
          <reporter-output>
          </reporter-output>
        </test-method> <!-- setup -->
        <test-method signature="validateEmployeeDetails(java.lang.String,java.lang.String)[pri:0, instance:com.jala.qa.testpage.CreateEmployeeTestPage@a530d0a]" started-at="2024-09-01T20:57:02 IST" name="validateEmployeeDetails" data-provider="testData" finished-at="2024-09-01T20:57:06 IST" duration-ms="4673" status="PASS">
          <params>
            <param index="0">
              <value>
                <![CDATA[Admin]]>
              </value>
            </param>
            <param index="1">
              <value>
                <![CDATA[admin123]]>
              </value>
            </param>
          </params>
          <reporter-output>
            <line>
              <![CDATA[we can able to enter into firstName field]]>
            </line>
          </reporter-output>
        </test-method> <!-- validateEmployeeDetails -->
        <test-method is-config="true" signature="tearDown()[pri:0, instance:com.jala.qa.testpage.CreateEmployeeTestPage@a530d0a]" started-at="2024-09-01T20:57:06 IST" name="tearDown" finished-at="2024-09-01T20:57:11 IST" duration-ms="4655" status="PASS">
          <reporter-output>
          </reporter-output>
        </test-method> <!-- tearDown -->
        <test-method is-config="true" signature="setup()[pri:0, instance:com.jala.qa.testpage.CreateEmployeeTestPage@a530d0a]" started-at="2024-09-01T20:57:11 IST" name="setup" finished-at="2024-09-01T20:57:33 IST" duration-ms="22313" status="PASS">
          <reporter-output>
          </reporter-output>
        </test-method> <!-- setup -->
        <test-method signature="validateEmployeeDetails(java.lang.String,java.lang.String)[pri:0, instance:com.jala.qa.testpage.CreateEmployeeTestPage@a530d0a]" started-at="2024-09-01T20:57:33 IST" name="validateEmployeeDetails" data-provider="testData" finished-at="2024-09-01T20:57:38 IST" duration-ms="4601" status="PASS">
          <params>
            <param index="0">
              <value>
                <![CDATA[Admin]]>
              </value>
            </param>
            <param index="1">
              <value>
                <![CDATA[admin123]]>
              </value>
            </param>
          </params>
          <reporter-output>
            <line>
              <![CDATA[we can able to enter into firstName field]]>
            </line>
          </reporter-output>
        </test-method> <!-- validateEmployeeDetails -->
        <test-method is-config="true" signature="tearDown()[pri:0, instance:com.jala.qa.testpage.CreateEmployeeTestPage@a530d0a]" started-at="2024-09-01T20:57:38 IST" name="tearDown" finished-at="2024-09-01T20:57:43 IST" duration-ms="4814" status="PASS">
          <reporter-output>
          </reporter-output>
        </test-method> <!-- tearDown -->
      </class> <!-- com.jala.qa.testpage.CreateEmployeeTestPage -->
    </test> <!-- Default test -->
  </suite> <!-- Default suite -->
</testng-results>
